Starting anti-entropy cycle...
Peer version of key 'synckey' is newer, fetching...
Updated key from peer: synckey = syncvalue
Anti-entropy synchronization completed successfully
Starting anti-entropy cycle...
Peer version of key 'conflictkey' is newer, fetching...
Updated key from peer: conflictkey = value2
Peer version of key 'synckey' is newer, fetching...
Updated key from peer: synckey = syncvalue
Anti-entropy synchronization completed successfully
Starting anti-entropy cycle...
Key 'bikey1' exists locally but not on peer, sending...
Propagated update to peer: PROPAGATE SET bikey1 bivalue1 1746863240540
Key 'bikey2' exists on peer but not locally, fetching...
Updated key from peer: bikey2 = bivalue2
Peer version of key 'conflictkey' is newer, fetching...
Updated key from peer: conflictkey = value2
Peer version of key 'synckey' is newer, fetching...
Updated key from peer: synckey = syncvalue
Anti-entropy synchronization completed successfully
Starting anti-entropy cycle...
Peer version of key 'bikey1' is newer, fetching...
Updated key from peer: bikey1 = bivalue1
Peer version of key 'bikey2' is newer, fetching...
Updated key from peer: bikey2 = bivalue2
Peer version of key 'conflictkey' is newer, fetching...
Updated key from peer: conflictkey = value2
Peer version of key 'synckey' is newer, fetching...
Updated key from peer: synckey = syncvalue
Anti-entropy synchronization completed successfully
